<?xml version="1.0" encoding="UTF-8" ?>
<testsuite tests="2" failures="2" name="TestSuite" time="21.354" errors="0" skipped="0">
  <properties>
[...]
</properties>
  <testcase classname="runner.TestRunner" name="feature" time="21.268">
    <failure message="org.openqa.selenium.ElementClickInterceptedException: element click intercepted: Element is not clickable at point (604, 597)
  (Session info: chrome=75.0.3770.100)
Build info: version: &apos;3.12.0&apos;, revision: &apos;7c6e0b3&apos;, time: &apos;2018-05-08T14:04:26.12Z&apos;
System info: host: &apos;KHALED&apos;, ip: &apos;192.168.1.48&apos;, os.name: &apos;Windows 8.1&apos;, os.arch: &apos;amd64&apos;, os.version: &apos;6.3&apos;, java.version: &apos;1.8.0_211&apos;
Driver info: org.openqa.selenium.chrome.ChromeDriver
Capabilities {acceptInsecureCerts: false, browserName: chrome, browserVersion: 75.0.3770.100, chrome: {chromedriverVersion: 75.0.3770.140 (2d9f97485c7b..., userDataDir: C:\Users\KHALED~1\AppData\L...}, goog:chromeOptions: {debuggerAddress: localhost:10483}, javascriptEnabled: true, networkConnectionEnabled: false, pageLoadStrategy: normal, platform: XP, platformName: XP, proxy: Proxy(), setWindowRect: true, strictFileInteractability: false, timeouts: {implicit: 0, pageLoad: 300000, script: 30000}, unhandledPromptBehavior: dismiss and notify}
Session ID: 7429620dd1005957cf9100068610464f" type="cucumber.runtime.CucumberException">cucumber.runtime.CucumberException: org.openqa.selenium.ElementClickInterceptedException: element click intercepted: Element is not clickable at point (604, 597)
  (Session info: chrome=75.0.3770.100)
Build info: version: &apos;3.12.0&apos;, revision: &apos;7c6e0b3&apos;, time: &apos;2018-05-08T14:04:26.12Z&apos;
System info: host: &apos;KHALED&apos;, ip: &apos;192.168.1.48&apos;, os.name: &apos;Windows 8.1&apos;, os.arch: &apos;amd64&apos;, os.version: &apos;6.3&apos;, java.version: &apos;1.8.0_211&apos;
Driver info: org.openqa.selenium.chrome.ChromeDriver
Capabilities {acceptInsecureCerts: false, browserName: chrome, browserVersion: 75.0.3770.100, chrome: {chromedriverVersion: 75.0.3770.140 (2d9f97485c7b..., userDataDir: C:\Users\KHALED~1\AppData\L...}, goog:chromeOptions: {debuggerAddress: localhost:10483}, javascriptEnabled: true, networkConnectionEnabled: false, pageLoadStrategy: normal, platform: XP, platformName: XP, proxy: Proxy(), setWindowRect: true, strictFileInteractability: false, timeouts: {implicit: 0, pageLoad: 300000, script: 30000}, unhandledPromptBehavior: dismiss and notify}
Session ID: 7429620dd1005957cf9100068610464f
	at cucumber.api.testng.TestNGCucumberRunner.runCucumber(TestNGCucumberRunner.java:69)
	at cucumber.api.testng.AbstractTestNGCucumberTests.feature(AbstractTestNGCucumberTests.java:21)
	at sun.reflect.NativeMethodAccessorImpl.invoke0(Native Method)
	at sun.reflect.NativeMethodAccessorImpl.invoke(NativeMethodAccessorImpl.java:62)
	at sun.reflect.DelegatingMethodAccessorImpl.invoke(DelegatingMethodAccessorImpl.java:43)
	at java.lang.reflect.Method.invoke(Method.java:498)
	at org.testng.internal.MethodInvocationHelper.invokeMethod(MethodInvocationHelper.java:124)
	at org.testng.internal.Invoker.invokeMethod(Invoker.java:583)
	at org.testng.internal.Invoker.invokeTestMethod(Invoker.java:719)
	at org.testng.internal.Invoker.invokeTestMethods(Invoker.java:989)
	at org.testng.internal.TestMethodWorker.invokeTestMethods(TestMethodWorker.java:125)
	at org.testng.internal.TestMethodWorker.run(TestMethodWorker.java:109)
	at org.testng.TestRunner.privateRun(TestRunner.java:648)
	at org.testng.TestRunner.run(TestRunner.java:505)
	at org.testng.SuiteRunner.runTest(SuiteRunner.java:455)
	at org.testng.SuiteRunner.runSequentially(SuiteRunner.java:450)
	at org.testng.SuiteRunner.privateRun(SuiteRunner.java:415)
	at org.testng.SuiteRunner.run(SuiteRunner.java:364)
	at org.testng.SuiteRunnerWorker.runSuite(SuiteRunnerWorker.java:52)
	at org.testng.SuiteRunnerWorker.run(SuiteRunnerWorker.java:84)
	at org.testng.TestNG.runSuitesSequentially(TestNG.java:1208)
	at org.testng.TestNG.runSuitesLocally(TestNG.java:1137)
	at org.testng.TestNG.runSuites(TestNG.java:1049)
	at org.testng.TestNG.run(TestNG.java:1017)
	at org.apache.maven.surefire.testng.TestNGExecutor.run(TestNGExecutor.java:77)
	at org.apache.maven.surefire.testng.TestNGDirectoryTestSuite.executeMulti(TestNGDirectoryTestSuite.java:159)
	at org.apache.maven.surefire.testng.TestNGDirectoryTestSuite.execute(TestNGDirectoryTestSuite.java:99)
	at org.apache.maven.surefire.testng.TestNGProvider.invoke(TestNGProvider.java:106)
	at sun.reflect.NativeMethodAccessorImpl.invoke0(Native Method)
	at sun.reflect.NativeMethodAccessorImpl.invoke(NativeMethodAccessorImpl.java:62)
	at sun.reflect.DelegatingMethodAccessorImpl.invoke(DelegatingMethodAccessorImpl.java:43)
	at java.lang.reflect.Method.invoke(Method.java:498)
	at org.apache.maven.surefire.util.ReflectionUtils.invokeMethodWithArray(ReflectionUtils.java:189)
	at org.apache.maven.surefire.booter.ProviderFactory$ProviderProxy.invoke(ProviderFactory.java:165)
	at org.apache.maven.surefire.booter.ProviderFactory.invokeProvider(ProviderFactory.java:85)
	at org.apache.maven.surefire.booter.ForkedBooter.runSuitesInProcess(ForkedBooter.java:115)
	at org.apache.maven.surefire.booter.ForkedBooter.main(ForkedBooter.java:75)
Caused by: org.openqa.selenium.ElementClickInterceptedException: element click intercepted: Element is not clickable at point (604, 597)
  (Session info: chrome=75.0.3770.100)
Build info: version: &apos;3.12.0&apos;, revision: &apos;7c6e0b3&apos;, time: &apos;2018-05-08T14:04:26.12Z&apos;
System info: host: &apos;KHALED&apos;, ip: &apos;192.168.1.48&apos;, os.name: &apos;Windows 8.1&apos;, os.arch: &apos;amd64&apos;, os.version: &apos;6.3&apos;, java.version: &apos;1.8.0_211&apos;
Driver info: org.openqa.selenium.chrome.ChromeDriver
Capabilities {acceptInsecureCerts: false, browserName: chrome, browserVersion: 75.0.3770.100, chrome: {chromedriverVersion: 75.0.3770.140 (2d9f97485c7b..., userDataDir: C:\Users\KHALED~1\AppData\L...}, goog:chromeOptions: {debuggerAddress: localhost:10483}, javascriptEnabled: true, networkConnectionEnabled: false, pageLoadStrategy: normal, platform: XP, platformName: XP, proxy: Proxy(), setWindowRect: true, strictFileInteractability: false, timeouts: {implicit: 0, pageLoad: 300000, script: 30000}, unhandledPromptBehavior: dismiss and notify}
Session ID: 7429620dd1005957cf9100068610464f
	at sun.reflect.NativeConstructorAccessorImpl.newInstance0(Native Method)
	at sun.reflect.NativeConstructorAccessorImpl.newInstance(NativeConstructorAccessorImpl.java:62)
	at sun.reflect.DelegatingConstructorAccessorImpl.newInstance(DelegatingConstructorAccessorImpl.java:45)
	at java.lang.reflect.Constructor.newInstance(Constructor.java:423)
	at org.openqa.selenium.remote.http.W3CHttpResponseCodec.createException(W3CHttpResponseCodec.java:187)
	at org.openqa.selenium.remote.http.W3CHttpResponseCodec.decode(W3CHttpResponseCodec.java:122)
	at org.openqa.selenium.remote.http.W3CHttpResponseCodec.decode(W3CHttpResponseCodec.java:49)
	at org.openqa.selenium.remote.HttpCommandExecutor.execute(HttpCommandExecutor.java:158)
	at org.openqa.selenium.remote.service.DriverCommandExecutor.execute(DriverCommandExecutor.java:83)
	at org.openqa.selenium.remote.RemoteWebDriver.execute(RemoteWebDriver.java:543)
	at org.openqa.selenium.remote.RemoteWebElement.execute(RemoteWebElement.java:276)
	at org.openqa.selenium.remote.RemoteWebElement.click(RemoteWebElement.java:83)
	at sun.reflect.NativeMethodAccessorImpl.invoke0(Native Method)
	at sun.reflect.NativeMethodAccessorImpl.invoke(NativeMethodAccessorImpl.java:62)
	at sun.reflect.DelegatingMethodAccessorImpl.invoke(DelegatingMethodAccessorImpl.java:43)
	at java.lang.reflect.Method.invoke(Method.java:498)
	at org.openqa.selenium.support.pagefactory.internal.LocatingElementHandler.invoke(LocatingElementHandler.java:51)
	at com.sun.proxy.$Proxy21.click(Unknown Source)
	at pages.ExistingUserPage.Subscribe(ExistingUserPage.java:16)
	at steps.sampletesting.user_clicks_on_Subscribe_link_in_Existing_User_section(sampletesting.java:59)
	at ✽.And User clicks on Subscribe link in Existing User section(AR_SampleTestingStepDefs.feature:11)
Caused by: org.openqa.selenium.ElementClickInterceptedException: element click intercepted: Element is not clickable at point (604, 597)
  (Session info: chrome=75.0.3770.100)
Build info: version: &apos;3.12.0&apos;, revision: &apos;7c6e0b3&apos;, time: &apos;2018-05-08T14:04:26.12Z&apos;
System info: host: &apos;KHALED&apos;, ip: &apos;192.168.1.48&apos;, os.name: &apos;Windows 8.1&apos;, os.arch: &apos;amd64&apos;, os.version: &apos;6.3&apos;, java.version: &apos;1.8.0_211&apos;
Driver info: org.openqa.selenium.chrome.ChromeDriver
Capabilities {acceptInsecureCerts: false, browserName: chrome, browserVersion: 75.0.3770.100, chrome: {chromedriverVersion: 75.0.3770.140 (2d9f97485c7b..., userDataDir: C:\Users\KHALED~1\AppData\L...}, goog:chromeOptions: {debuggerAddress: localhost:10483}, javascriptEnabled: true, networkConnectionEnabled: false, pageLoadStrategy: normal, platform: XP, platformName: XP, proxy: Proxy(), setWindowRect: true, strictFileInteractability: false, timeouts: {implicit: 0, pageLoad: 300000, script: 30000}, unhandledPromptBehavior: dismiss and notify}
Session ID: 7429620dd1005957cf9100068610464f
	at sun.reflect.NativeConstructorAccessorImpl.newInstance0(Native Method)
	at sun.reflect.NativeConstructorAccessorImpl.newInstance(NativeConstructorAccessorImpl.java:62)
	at sun.reflect.DelegatingConstructorAccessorImpl.newInstance(DelegatingConstructorAccessorImpl.java:45)
	at java.lang.reflect.Constructor.newInstance(Constructor.java:423)
	at org.openqa.selenium.remote.http.W3CHttpResponseCodec.createException(W3CHttpResponseCodec.java:187)
	at org.openqa.selenium.remote.http.W3CHttpResponseCodec.decode(W3CHttpResponseCodec.java:122)
	at org.openqa.selenium.remote.http.W3CHttpResponseCodec.decode(W3CHttpResponseCodec.java:49)
	at org.openqa.selenium.remote.HttpCommandExecutor.execute(HttpCommandExecutor.java:158)
	at org.openqa.selenium.remote.service.DriverCommandExecutor.execute(DriverCommandExecutor.java:83)
	at org.openqa.selenium.remote.RemoteWebDriver.execute(RemoteWebDriver.java:543)
	at org.openqa.selenium.remote.RemoteWebElement.execute(RemoteWebElement.java:276)
	at org.openqa.selenium.remote.RemoteWebElement.click(RemoteWebElement.java:83)
	at sun.reflect.NativeMethodAccessorImpl.invoke0(Native Method)
	at sun.reflect.NativeMethodAccessorImpl.invoke(NativeMethodAccessorImpl.java:62)
	at sun.reflect.DelegatingMethodAccessorImpl.invoke(DelegatingMethodAccessorImpl.java:43)
	at java.lang.reflect.Method.invoke(Method.java:498)
	at org.openqa.selenium.support.pagefactory.internal.LocatingElementHandler.invoke(LocatingElementHandler.java:51)
	at com.sun.proxy.$Proxy21.click(Unknown Source)
	at pages.ExistingUserPage.Subscribe(ExistingUserPage.java:16)
	at steps.sampletesting.user_clicks_on_Subscribe_link_in_Existing_User_section(sampletesting.java:59)
	at ✽.And User clicks on Subscribe link in Existing User section(AR_SampleTestingStepDefs.feature:11)
</failure>
    <system-out>Configuring TestNG with: org.apache.maven.surefire.testng.conf.TestNG652Configurator@57fa26b7
#Author: khaledmostafakm2021@gmail.com
Feature: Verify sample tests for home and login screen for Jawwytv Web Application with Arabic Interface

  Background:                                               &amp;#27;[90m# AR_SampleTestingStepDefs.feature:4&amp;#27;[0m
    &amp;#27;[32mGiven &amp;#27;[0m&amp;#27;[32mJawwytv site opens successfully&amp;#27;[0m                   &amp;#27;[90m# sampletesting.jawwytv_site_opens_successfully()&amp;#27;[0m
    &amp;#27;[32mAnd &amp;#27;[0m&amp;#27;[32mUser clicks on seven days free subscribe now button&amp;#27;[0m &amp;#27;[90m# sampletesting.user_clicks_on_seven_days_free_subscribe_now_button()&amp;#27;[0m

  @toptest
  Scenario: Validate user navigates back to subscribe now page         &amp;#27;[90m# AR_SampleTestingStepDefs.feature:9&amp;#27;[0m
    &amp;#27;[32mThen &amp;#27;[0m&amp;#27;[32mUser clicks on Click here link in create your account section&amp;#27;[0m &amp;#27;[90m# sampletesting.user_clicks_on_Click_here_link_in_create_your_account_section()&amp;#27;[0m
    &amp;#27;[31mAnd &amp;#27;[0m&amp;#27;[31mUser clicks on Subscribe link in Existing User section&amp;#27;[0m         &amp;#27;[90m# sampletesting.user_clicks_on_Subscribe_link_in_Existing_User_section()&amp;#27;[0m
      &amp;#27;[31morg.openqa.selenium.ElementClickInterceptedException: element click intercepted: Element is not clickable at point (604, 597)
        (Session info: chrome=75.0.3770.100)
      Build info: version: &apos;3.12.0&apos;, revision: &apos;7c6e0b3&apos;, time: &apos;2018-05-08T14:04:26.12Z&apos;
      System info: host: &apos;KHALED&apos;, ip: &apos;192.168.1.48&apos;, os.name: &apos;Windows 8.1&apos;, os.arch: &apos;amd64&apos;, os.version: &apos;6.3&apos;, java.version: &apos;1.8.0_211&apos;
      Driver info: org.openqa.selenium.chrome.ChromeDriver
      Capabilities {acceptInsecureCerts: false, browserName: chrome, browserVersion: 75.0.3770.100, chrome: {chromedriverVersion: 75.0.3770.140 (2d9f97485c7b..., userDataDir: C:\Users\KHALED~1\AppData\L...}, goog:chromeOptions: {debuggerAddress: localhost:10483}, javascriptEnabled: true, networkConnectionEnabled: false, pageLoadStrategy: normal, platform: XP, platformName: XP, proxy: Proxy(), setWindowRect: true, strictFileInteractability: false, timeouts: {implicit: 0, pageLoad: 300000, script: 30000}, unhandledPromptBehavior: dismiss and notify}
      Session ID: 7429620dd1005957cf9100068610464f
      	at sun.reflect.NativeConstructorAccessorImpl.newInstance0(Native Method)
      	at sun.reflect.NativeConstructorAccessorImpl.newInstance(NativeConstructorAccessorImpl.java:62)
      	at sun.reflect.DelegatingConstructorAccessorImpl.newInstance(DelegatingConstructorAccessorImpl.java:45)
      	at java.lang.reflect.Constructor.newInstance(Constructor.java:423)
      	at org.openqa.selenium.remote.http.W3CHttpResponseCodec.createException(W3CHttpResponseCodec.java:187)
      	at org.openqa.selenium.remote.http.W3CHttpResponseCodec.decode(W3CHttpResponseCodec.java:122)
      	at org.openqa.selenium.remote.http.W3CHttpResponseCodec.decode(W3CHttpResponseCodec.java:49)
      	at org.openqa.selenium.remote.HttpCommandExecutor.execute(HttpCommandExecutor.java:158)
      	at org.openqa.selenium.remote.service.DriverCommandExecutor.execute(DriverCommandExecutor.java:83)
      	at org.openqa.selenium.remote.RemoteWebDriver.execute(RemoteWebDriver.java:543)
      	at org.openqa.selenium.remote.RemoteWebElement.execute(RemoteWebElement.java:276)
      	at org.openqa.selenium.remote.RemoteWebElement.click(RemoteWebElement.java:83)
      	at sun.reflect.NativeMethodAccessorImpl.invoke0(Native Method)
      	at sun.reflect.NativeMethodAccessorImpl.invoke(NativeMethodAccessorImpl.java:62)
      	at sun.reflect.DelegatingMethodAccessorImpl.invoke(DelegatingMethodAccessorImpl.java:43)
      	at java.lang.reflect.Method.invoke(Method.java:498)
      	at org.openqa.selenium.support.pagefactory.internal.LocatingElementHandler.invoke(LocatingElementHandler.java:51)
      	at com.sun.proxy.$Proxy21.click(Unknown Source)
      	at pages.ExistingUserPage.Subscribe(ExistingUserPage.java:16)
      	at steps.sampletesting.user_clicks_on_Subscribe_link_in_Existing_User_section(sampletesting.java:59)
      	at ?.And User clicks on Subscribe link in Existing User section(AR_SampleTestingStepDefs.feature:11)
      &amp;#27;[0m
    &amp;#27;[36mThen &amp;#27;[0m&amp;#27;[36mUser should navigate to Create your account section&amp;#27;[0m           &amp;#27;[90m# sampletesting.user_should_navigate_to_Create_your_account_section()&amp;#27;[0m

  Background:                                               &amp;#27;[90m# AR_SampleTestingStepDefs.feature:4&amp;#27;[0m
    &amp;#27;[31mGiven &amp;#27;[0m&amp;#27;[31mJawwytv site opens successfully&amp;#27;[0m                   &amp;#27;[90m# sampletesting.jawwytv_site_opens_successfully()&amp;#27;[0m
      &amp;#27;[31mjunit.framework.AssertionFailedError
      	at junit.framework.Assert.fail(Assert.java:48)
      	at junit.framework.Assert.assertTrue(Assert.java:20)
      	at junit.framework.Assert.assertTrue(Assert.java:27)
      	at steps.sampletesting.jawwytv_site_opens_successfully(sampletesting.java:30)
      	at ?.Given Jawwytv site opens successfully(AR_SampleTestingStepDefs.feature:5)
      &amp;#27;[0m
    &amp;#27;[36mAnd &amp;#27;[0m&amp;#27;[36mUser clicks on seven days free subscribe now button&amp;#27;[0m &amp;#27;[90m# sampletesting.user_clicks_on_seven_days_free_subscribe_now_button()&amp;#27;[0m

  @toptest
  Scenario: Validate terms and conditions page                                   &amp;#27;[90m# AR_SampleTestingStepDefs.feature:15&amp;#27;[0m
    &amp;#27;[36mThen &amp;#27;[0m&amp;#27;[36mUser clicks on Terms and Conditions link in create your account section&amp;#27;[0m &amp;#27;[90m# sampletesting.user_clicks_on_Terms_and_Conditions_link_in_create_your_account_section()&amp;#27;[0m
    &amp;#27;[36mThen &amp;#27;[0m&amp;#27;[36mUser should see that Terms &amp; Conditions section is displayed&amp;#27;[0m            &amp;#27;[90m# sampletesting.user_should_see_that_Terms_Conditions_section_is_displayed()&amp;#27;[0m
    &amp;#27;[33mWhen &amp;#27;[0m&amp;#27;[33mUser enters &quot;&lt;username&gt;&quot;,&quot;&lt;password&gt;&quot;&amp;#27;[0m
    &amp;#27;[33mAnd &amp;#27;[0m&amp;#27;[33mUser clicks on continue button&amp;#27;[0m

  Background:                                               &amp;#27;[90m# AR_SampleTestingStepDefs.feature:4&amp;#27;[0m
    &amp;#27;[31mGiven &amp;#27;[0m&amp;#27;[31mJawwytv site opens successfully&amp;#27;[0m                   &amp;#27;[90m# sampletesting.jawwytv_site_opens_successfully()&amp;#27;[0m
      &amp;#27;[31mjunit.framework.AssertionFailedError
      	at junit.framework.Assert.fail(Assert.java:48)
      	at junit.framework.Assert.assertTrue(Assert.java:20)
      	at junit.framework.Assert.assertTrue(Assert.java:27)
      	at steps.sampletesting.jawwytv_site_opens_successfully(sampletesting.java:30)
      	at ?.Given Jawwytv site opens successfully(AR_SampleTestingStepDefs.feature:5)
      &amp;#27;[0m
    &amp;#27;[36mAnd &amp;#27;[0m&amp;#27;[36mUser clicks on seven days free subscribe now button&amp;#27;[0m &amp;#27;[90m# sampletesting.user_clicks_on_seven_days_free_subscribe_now_button()&amp;#27;[0m

  @bottomtest
  Scenario: Validate back button on payment screen on entering username and password &amp;#27;[90m# AR_SampleTestingStepDefs.feature:22&amp;#27;[0m
    &amp;#27;[36mThen &amp;#27;[0m&amp;#27;[36mUser should see back button displayed on payment screen&amp;#27;[0m                     &amp;#27;[90m# sampletesting.user_should_see_back_button_displayed_on_payment_screen()&amp;#27;[0m

  Background:                                               &amp;#27;[90m# AR_SampleTestingStepDefs.feature:4&amp;#27;[0m
    &amp;#27;[31mGiven &amp;#27;[0m&amp;#27;[31mJawwytv site opens successfully&amp;#27;[0m                   &amp;#27;[90m# sampletesting.jawwytv_site_opens_successfully()&amp;#27;[0m
      &amp;#27;[31mjunit.framework.AssertionFailedError
      	at junit.framework.Assert.fail(Assert.java:48)
      	at junit.framework.Assert.assertTrue(Assert.java:20)
      	at junit.framework.Assert.assertTrue(Assert.java:27)
      	at steps.sampletesting.jawwytv_site_opens_successfully(sampletesting.java:30)
      	at ?.Given Jawwytv site opens successfully(AR_SampleTestingStepDefs.feature:5)
      &amp;#27;[0m
    &amp;#27;[36mAnd &amp;#27;[0m&amp;#27;[36mUser clicks on seven days free subscribe now button&amp;#27;[0m &amp;#27;[90m# sampletesting.user_clicks_on_seven_days_free_subscribe_now_button()&amp;#27;[0m

  @bottomtest
  Scenario: Validate that one single payment method is available for Lebanon country &amp;#27;[90m# AR_SampleTestingStepDefs.feature:26&amp;#27;[0m
    &amp;#27;[36mAnd &amp;#27;[0m&amp;#27;[36mUser should selects Lebanon from country dropdown menu&amp;#27;[0m                       &amp;#27;[90m# sampletesting.user_should_selects_Lebanon_from_country_dropdown_menu()&amp;#27;[0m
    &amp;#27;[36mThen &amp;#27;[0m&amp;#27;[36mUser should see that only credit card payment method is displayed&amp;#27;[0m           &amp;#27;[90m# sampletesting.user_should_see_that_only_credit_card_payment_method_is_displayed()&amp;#27;[0m

  Background:                                               &amp;#27;[90m# AR_SampleTestingStepDefs.feature:4&amp;#27;[0m
    &amp;#27;[31mGiven &amp;#27;[0m&amp;#27;[31mJawwytv site opens successfully&amp;#27;[0m                   &amp;#27;[90m# sampletesting.jawwytv_site_opens_successfully()&amp;#27;[0m
      &amp;#27;[31mjunit.framework.AssertionFailedError
      	at junit.framework.Assert.fail(Assert.java:48)
      	at junit.framework.Assert.assertTrue(Assert.java:20)
      	at junit.framework.Assert.assertTrue(Assert.java:27)
      	at steps.sampletesting.jawwytv_site_opens_successfully(sampletesting.java:30)
      	at ?.Given Jawwytv site opens successfully(AR_SampleTestingStepDefs.feature:5)
      &amp;#27;[0m
    &amp;#27;[36mAnd &amp;#27;[0m&amp;#27;[36mUser clicks on seven days free subscribe now button&amp;#27;[0m &amp;#27;[90m# sampletesting.user_clicks_on_seven_days_free_subscribe_now_button()&amp;#27;[0m

  @bottomtest
  Scenario: Validate that two payment methods are available for Bahrain country &amp;#27;[90m# AR_SampleTestingStepDefs.feature:31&amp;#27;[0m
    &amp;#27;[36mAnd &amp;#27;[0m&amp;#27;[36mUser should selects Bahrain from country dropdown menu&amp;#27;[0m                  &amp;#27;[90m# sampletesting.user_should_selects_Bahrain_from_country_dropdown_menu()&amp;#27;[0m
    &amp;#27;[36mThen &amp;#27;[0m&amp;#27;[36mUser should see that two payment methods are displayed&amp;#27;[0m                 &amp;#27;[90m# sampletesting.user_should_see_that_two_payment_methods_are_displayed()&amp;#27;[0m
</system-out>
    <system-err>Starting ChromeDriver 75.0.3770.140 (2d9f97485c7b07dc18a74666574f19176731995c-refs/branch-heads/3770@{#1155}) on port 10708
Only local connections are allowed.
Please protect ports used by ChromeDriver and related test frameworks to prevent access by malicious code.
يول 16, 2019 3:23:12 ص org.openqa.selenium.remote.ProtocolHandshake createSession
INFO: Detected dialect: W3C
</system-err>
  </testcase>
  <testcase classname="runner.TestRunner" name="feature" time="0.086">
    <failure message="junit.framework.AssertionFailedError" type="cucumber.runtime.CucumberException">cucumber.runtime.CucumberException: junit.framework.AssertionFailedError
	at cucumber.api.testng.TestNGCucumberRunner.runCucumber(TestNGCucumberRunner.java:69)
	at cucumber.api.testng.AbstractTestNGCucumberTests.feature(AbstractTestNGCucumberTests.java:21)
	at sun.reflect.NativeMethodAccessorImpl.invoke0(Native Method)
	at sun.reflect.NativeMethodAccessorImpl.invoke(NativeMethodAccessorImpl.java:62)
	at sun.reflect.DelegatingMethodAccessorImpl.invoke(DelegatingMethodAccessorImpl.java:43)
	at java.lang.reflect.Method.invoke(Method.java:498)
	at org.testng.internal.MethodInvocationHelper.invokeMethod(MethodInvocationHelper.java:124)
	at org.testng.internal.Invoker.invokeMethod(Invoker.java:583)
	at org.testng.internal.Invoker.invokeTestMethod(Invoker.java:719)
	at org.testng.internal.Invoker.invokeTestMethods(Invoker.java:989)
	at org.testng.internal.TestMethodWorker.invokeTestMethods(TestMethodWorker.java:125)
	at org.testng.internal.TestMethodWorker.run(TestMethodWorker.java:109)
	at org.testng.TestRunner.privateRun(TestRunner.java:648)
	at org.testng.TestRunner.run(TestRunner.java:505)
	at org.testng.SuiteRunner.runTest(SuiteRunner.java:455)
	at org.testng.SuiteRunner.runSequentially(SuiteRunner.java:450)
	at org.testng.SuiteRunner.privateRun(SuiteRunner.java:415)
	at org.testng.SuiteRunner.run(SuiteRunner.java:364)
	at org.testng.SuiteRunnerWorker.runSuite(SuiteRunnerWorker.java:52)
	at org.testng.SuiteRunnerWorker.run(SuiteRunnerWorker.java:84)
	at org.testng.TestNG.runSuitesSequentially(TestNG.java:1208)
	at org.testng.TestNG.runSuitesLocally(TestNG.java:1137)
	at org.testng.TestNG.runSuites(TestNG.java:1049)
	at org.testng.TestNG.run(TestNG.java:1017)
	at org.apache.maven.surefire.testng.TestNGExecutor.run(TestNGExecutor.java:77)
	at org.apache.maven.surefire.testng.TestNGDirectoryTestSuite.executeMulti(TestNGDirectoryTestSuite.java:159)
	at org.apache.maven.surefire.testng.TestNGDirectoryTestSuite.execute(TestNGDirectoryTestSuite.java:99)
	at org.apache.maven.surefire.testng.TestNGProvider.invoke(TestNGProvider.java:106)
	at sun.reflect.NativeMethodAccessorImpl.invoke0(Native Method)
	at sun.reflect.NativeMethodAccessorImpl.invoke(NativeMethodAccessorImpl.java:62)
	at sun.reflect.DelegatingMethodAccessorImpl.invoke(DelegatingMethodAccessorImpl.java:43)
	at java.lang.reflect.Method.invoke(Method.java:498)
	at org.apache.maven.surefire.util.ReflectionUtils.invokeMethodWithArray(ReflectionUtils.java:189)
	at org.apache.maven.surefire.booter.ProviderFactory$ProviderProxy.invoke(ProviderFactory.java:165)
	at org.apache.maven.surefire.booter.ProviderFactory.invokeProvider(ProviderFactory.java:85)
	at org.apache.maven.surefire.booter.ForkedBooter.runSuitesInProcess(ForkedBooter.java:115)
	at org.apache.maven.surefire.booter.ForkedBooter.main(ForkedBooter.java:75)
Caused by: junit.framework.AssertionFailedError
	at junit.framework.Assert.fail(Assert.java:48)
	at junit.framework.Assert.assertTrue(Assert.java:20)
	at junit.framework.Assert.assertTrue(Assert.java:27)
	at steps.sampletesting.jawwytv_site_opens_successfully(sampletesting.java:30)
	at ✽.Given Jawwytv site opens successfully(EN_SampleTestingStepDefs.feature:5)
Caused by: junit.framework.AssertionFailedError
	at junit.framework.Assert.fail(Assert.java:48)
	at junit.framework.Assert.assertTrue(Assert.java:20)
	at junit.framework.Assert.assertTrue(Assert.java:27)
	at steps.sampletesting.jawwytv_site_opens_successfully(sampletesting.java:30)
	at ✽.Given Jawwytv site opens successfully(EN_SampleTestingStepDefs.feature:5)
</failure>
    <system-out>Failed!
Taking Screenshot....
#Author: khaledmostafakm2021@gmail.com
Feature: Verify sample tests for home and login screen for Jawwytv Web Application with English Interface

  Background:                                               &amp;#27;[90m# EN_SampleTestingStepDefs.feature:4&amp;#27;[0m
    &amp;#27;[31mGiven &amp;#27;[0m&amp;#27;[31mJawwytv site opens successfully&amp;#27;[0m                   &amp;#27;[90m# sampletesting.jawwytv_site_opens_successfully()&amp;#27;[0m
      &amp;#27;[31mjunit.framework.AssertionFailedError
      	at junit.framework.Assert.fail(Assert.java:48)
      	at junit.framework.Assert.assertTrue(Assert.java:20)
      	at junit.framework.Assert.assertTrue(Assert.java:27)
      	at steps.sampletesting.jawwytv_site_opens_successfully(sampletesting.java:30)
      	at ?.Given Jawwytv site opens successfully(EN_SampleTestingStepDefs.feature:5)
      &amp;#27;[0m
    &amp;#27;[36mWhen &amp;#27;[0m&amp;#27;[36mUser changes language in welcome screen&amp;#27;[0m            &amp;#27;[90m# sampletesting.user_changes_language_in_welcome_screen()&amp;#27;[0m
    &amp;#27;[36mAnd &amp;#27;[0m&amp;#27;[36mUser clicks on seven days free subscribe now button&amp;#27;[0m &amp;#27;[90m# sampletesting.user_clicks_on_seven_days_free_subscribe_now_button()&amp;#27;[0m

  @toptest
  Scenario: Validate user navigates back to subscribe now page         &amp;#27;[90m# EN_SampleTestingStepDefs.feature:10&amp;#27;[0m
    &amp;#27;[36mThen &amp;#27;[0m&amp;#27;[36mUser clicks on Click here link in create your account section&amp;#27;[0m &amp;#27;[90m# sampletesting.user_clicks_on_Click_here_link_in_create_your_account_section()&amp;#27;[0m
    &amp;#27;[36mAnd &amp;#27;[0m&amp;#27;[36mUser clicks on Subscribe link in Existing User section&amp;#27;[0m         &amp;#27;[90m# sampletesting.user_clicks_on_Subscribe_link_in_Existing_User_section()&amp;#27;[0m
    &amp;#27;[36mThen &amp;#27;[0m&amp;#27;[36mUser should navigate to Create your account section&amp;#27;[0m           &amp;#27;[90m# sampletesting.user_should_navigate_to_Create_your_account_section()&amp;#27;[0m

  Background:                                               &amp;#27;[90m# EN_SampleTestingStepDefs.feature:4&amp;#27;[0m
    &amp;#27;[31mGiven &amp;#27;[0m&amp;#27;[31mJawwytv site opens successfully&amp;#27;[0m                   &amp;#27;[90m# sampletesting.jawwytv_site_opens_successfully()&amp;#27;[0m
      &amp;#27;[31mjunit.framework.AssertionFailedError
      	at junit.framework.Assert.fail(Assert.java:48)
      	at junit.framework.Assert.assertTrue(Assert.java:20)
      	at junit.framework.Assert.assertTrue(Assert.java:27)
      	at steps.sampletesting.jawwytv_site_opens_successfully(sampletesting.java:30)
      	at ?.Given Jawwytv site opens successfully(EN_SampleTestingStepDefs.feature:5)
      &amp;#27;[0m
    &amp;#27;[36mWhen &amp;#27;[0m&amp;#27;[36mUser changes language in welcome screen&amp;#27;[0m            &amp;#27;[90m# sampletesting.user_changes_language_in_welcome_screen()&amp;#27;[0m
    &amp;#27;[36mAnd &amp;#27;[0m&amp;#27;[36mUser clicks on seven days free subscribe now button&amp;#27;[0m &amp;#27;[90m# sampletesting.user_clicks_on_seven_days_free_subscribe_now_button()&amp;#27;[0m

  @toptest
  Scenario: Validate terms and conditions page                                   &amp;#27;[90m# EN_SampleTestingStepDefs.feature:16&amp;#27;[0m
    &amp;#27;[36mThen &amp;#27;[0m&amp;#27;[36mUser clicks on Terms and Conditions link in create your account section&amp;#27;[0m &amp;#27;[90m# sampletesting.user_clicks_on_Terms_and_Conditions_link_in_create_your_account_section()&amp;#27;[0m
    &amp;#27;[36mThen &amp;#27;[0m&amp;#27;[36mUser should see that Terms &amp; Conditions section is displayed&amp;#27;[0m            &amp;#27;[90m# sampletesting.user_should_see_that_Terms_Conditions_section_is_displayed()&amp;#27;[0m
    &amp;#27;[33mWhen &amp;#27;[0m&amp;#27;[33mUser enters &quot;&lt;username&gt;&quot;,&quot;&lt;password&gt;&quot;&amp;#27;[0m
    &amp;#27;[33mAnd &amp;#27;[0m&amp;#27;[33mUser clicks on continue button&amp;#27;[0m

  Background:                                               &amp;#27;[90m# EN_SampleTestingStepDefs.feature:4&amp;#27;[0m
    &amp;#27;[31mGiven &amp;#27;[0m&amp;#27;[31mJawwytv site opens successfully&amp;#27;[0m                   &amp;#27;[90m# sampletesting.jawwytv_site_opens_successfully()&amp;#27;[0m
      &amp;#27;[31mjunit.framework.AssertionFailedError
      	at junit.framework.Assert.fail(Assert.java:48)
      	at junit.framework.Assert.assertTrue(Assert.java:20)
      	at junit.framework.Assert.assertTrue(Assert.java:27)
      	at steps.sampletesting.jawwytv_site_opens_successfully(sampletesting.java:30)
      	at ?.Given Jawwytv site opens successfully(EN_SampleTestingStepDefs.feature:5)
      &amp;#27;[0m
    &amp;#27;[36mWhen &amp;#27;[0m&amp;#27;[36mUser changes language in welcome screen&amp;#27;[0m            &amp;#27;[90m# sampletesting.user_changes_language_in_welcome_screen()&amp;#27;[0m
    &amp;#27;[36mAnd &amp;#27;[0m&amp;#27;[36mUser clicks on seven days free subscribe now button&amp;#27;[0m &amp;#27;[90m# sampletesting.user_clicks_on_seven_days_free_subscribe_now_button()&amp;#27;[0m

  @bottomtest
  Scenario: Validate back button on payment screen on entering username and password &amp;#27;[90m# EN_SampleTestingStepDefs.feature:23&amp;#27;[0m
    &amp;#27;[36mThen &amp;#27;[0m&amp;#27;[36mUser should see back button displayed on payment screen&amp;#27;[0m                     &amp;#27;[90m# sampletesting.user_should_see_back_button_displayed_on_payment_screen()&amp;#27;[0m

  Background:                                               &amp;#27;[90m# EN_SampleTestingStepDefs.feature:4&amp;#27;[0m
    &amp;#27;[31mGiven &amp;#27;[0m&amp;#27;[31mJawwytv site opens successfully&amp;#27;[0m                   &amp;#27;[90m# sampletesting.jawwytv_site_opens_successfully()&amp;#27;[0m
      &amp;#27;[31mjunit.framework.AssertionFailedError
      	at junit.framework.Assert.fail(Assert.java:48)
      	at junit.framework.Assert.assertTrue(Assert.java:20)
      	at junit.framework.Assert.assertTrue(Assert.java:27)
      	at steps.sampletesting.jawwytv_site_opens_successfully(sampletesting.java:30)
      	at ?.Given Jawwytv site opens successfully(EN_SampleTestingStepDefs.feature:5)
      &amp;#27;[0m
    &amp;#27;[36mWhen &amp;#27;[0m&amp;#27;[36mUser changes language in welcome screen&amp;#27;[0m            &amp;#27;[90m# sampletesting.user_changes_language_in_welcome_screen()&amp;#27;[0m
    &amp;#27;[36mAnd &amp;#27;[0m&amp;#27;[36mUser clicks on seven days free subscribe now button&amp;#27;[0m &amp;#27;[90m# sampletesting.user_clicks_on_seven_days_free_subscribe_now_button()&amp;#27;[0m

  @bottomtest
  Scenario: Validate that one single payment method is available for Lebanon country &amp;#27;[90m# EN_SampleTestingStepDefs.feature:27&amp;#27;[0m
    &amp;#27;[36mAnd &amp;#27;[0m&amp;#27;[36mUser should selects Lebanon from country dropdown menu&amp;#27;[0m                       &amp;#27;[90m# sampletesting.user_should_selects_Lebanon_from_country_dropdown_menu()&amp;#27;[0m
    &amp;#27;[36mThen &amp;#27;[0m&amp;#27;[36mUser should see that only credit card payment method is displayed&amp;#27;[0m           &amp;#27;[90m# sampletesting.user_should_see_that_only_credit_card_payment_method_is_displayed()&amp;#27;[0m

  Background:                                               &amp;#27;[90m# EN_SampleTestingStepDefs.feature:4&amp;#27;[0m
    &amp;#27;[31mGiven &amp;#27;[0m&amp;#27;[31mJawwytv site opens successfully&amp;#27;[0m                   &amp;#27;[90m# sampletesting.jawwytv_site_opens_successfully()&amp;#27;[0m
      &amp;#27;[31mjunit.framework.AssertionFailedError
      	at junit.framework.Assert.fail(Assert.java:48)
      	at junit.framework.Assert.assertTrue(Assert.java:20)
      	at junit.framework.Assert.assertTrue(Assert.java:27)
      	at steps.sampletesting.jawwytv_site_opens_successfully(sampletesting.java:30)
      	at ?.Given Jawwytv site opens successfully(EN_SampleTestingStepDefs.feature:5)
      &amp;#27;[0m
    &amp;#27;[36mWhen &amp;#27;[0m&amp;#27;[36mUser changes language in welcome screen&amp;#27;[0m            &amp;#27;[90m# sampletesting.user_changes_language_in_welcome_screen()&amp;#27;[0m
    &amp;#27;[36mAnd &amp;#27;[0m&amp;#27;[36mUser clicks on seven days free subscribe now button&amp;#27;[0m &amp;#27;[90m# sampletesting.user_clicks_on_seven_days_free_subscribe_now_button()&amp;#27;[0m

  @bottomtest
  Scenario: Validate that two payment methods are available for Bahrain country &amp;#27;[90m# EN_SampleTestingStepDefs.feature:32&amp;#27;[0m
    &amp;#27;[36mAnd &amp;#27;[0m&amp;#27;[36mUser should selects Bahrain from country dropdown menu&amp;#27;[0m                  &amp;#27;[90m# sampletesting.user_should_selects_Bahrain_from_country_dropdown_menu()&amp;#27;[0m
    &amp;#27;[36mThen &amp;#27;[0m&amp;#27;[36mUser should see that two payment methods are displayed&amp;#27;[0m                 &amp;#27;[90m# sampletesting.user_should_see_that_two_payment_methods_are_displayed()&amp;#27;[0m
</system-out>
  </testcase>
</testsuite>